<?xml version="1.0" encoding="UTF-8"?>
<!-- Generated by org.testng.reporters.JUnitReportReporter -->
<testsuite skipped="0" hostname="HDC2-D-CLHSXJ2" name="Drivers.parameter" tests="1" failures="0" timestamp="21 Oct 2019 06:57:30 GMT" time="0.012" errors="0">
  <testcase name="f" time="0.012" classname="Drivers.parameter"/>
</testsuite> <!-- Drivers.parameter -->
