<?xml version="1.0" encoding="UTF-8"?>
<!-- Generated by org.testng.reporters.JUnitReportReporter -->
<testsuite skipped="2" hostname="HDC2-D-CLHSXJ2" name="Drivers.ACTIONS" tests="3" failures="0" timestamp="22 Oct 2019 06:00:37 GMT" time="13.748" errors="0">
  <testcase name="Hover1" time="13.748" classname="Drivers.ACTIONS"/>
  <testcase name="f" classname="Drivers.ACTIONS">
    <skipped/>
  </testcase> <!-- f -->
  <testcase name="Hover" classname="Drivers.ACTIONS">
    <skipped/>
  </testcase> <!-- Hover -->
</testsuite> <!-- Drivers.ACTIONS -->
