<?xml version="1.0" encoding="UTF-8"?>
<!-- Generated by org.testng.reporters.JUnitReportReporter -->
<testsuite skipped="0" hostname="HDC2-D-CLHSXJ2" name="Facebook.Facebook" tests="1" failures="0" timestamp="18 Oct 2019 08:26:57 GMT" time="20.169" errors="0">
  <testcase name="fb" time="20.169" classname="Facebook.Facebook"/>
</testsuite> <!-- Facebook.Facebook -->
