<?xml version="1.0" encoding="UTF-8"?>
<!-- Generated by org.testng.reporters.JUnitReportReporter -->
<testsuite skipped="0" hostname="HDC2-D-CLHSXJ2" name="Drivers.Testmeapp" tests="1" failures="0" timestamp="21 Oct 2019 12:27:36 GMT" time="129.507" errors="0">
  <testcase name="f" time="129.507" classname="Drivers.Testmeapp"/>
</testsuite> <!-- Drivers.Testmeapp -->
