<?xml version="1.0" encoding="UTF-8"?>
<!-- Generated by org.testng.reporters.JUnitReportReporter -->
<testsuite skipped="0" hostname="HDC2-D-CLHSXJ2" name="Drivers.invocationCount" tests="2" failures="0" timestamp="21 Oct 2019 06:46:14 GMT" time="0.013" errors="0">
  <testcase name="Reg" time="0.011" classname="Drivers.invocationCount"/>
  <testcase name="Reg1" time="0.002" classname="Drivers.invocationCount"/>
</testsuite> <!-- Drivers.invocationCount -->
