<?xml version="1.0" encoding="UTF-8"?>
<!-- Generated by org.testng.reporters.JUnitReportReporter -->
<testsuite skipped="1" hostname="HDC2-D-CLHSXJ2" name="Drivers.Facebook" tests="2" failures="0" timestamp="18 Oct 2019 11:22:23 GMT" time="9.084" errors="0">
  <testcase name="wbdw" time="9.084" classname="Drivers.Facebook"/>
  <testcase name="f" classname="Drivers.Facebook">
    <skipped/>
  </testcase> <!-- f -->
</testsuite> <!-- Drivers.Facebook -->
