<?xml version="1.0" encoding="UTF-8"?>
<!-- Generated by org.testng.reporters.JUnitReportReporter -->
<testsuite skipped="0" hostname="HDC2-D-CLHSXJ2" name="Drivers.Window" tests="1" failures="0" timestamp="21 Oct 2019 09:49:19 GMT" time="11.837" errors="0">
  <testcase name="f" time="11.837" classname="Drivers.Window"/>
</testsuite> <!-- Drivers.Window -->
