<?xml version="1.0" encoding="UTF-8"?>
<!-- Generated by org.testng.reporters.JUnitReportReporter -->
<testsuite skipped="0" hostname="HDC2-D-CLHSXJ2" name="Facebook.MercuryTours" tests="1" failures="0" timestamp="18 Oct 2019 09:36:25 GMT" time="22.387" errors="0">
  <testcase name="Mercurytours" time="22.387" classname="Facebook.MercuryTours"/>
</testsuite> <!-- Facebook.MercuryTours -->
