<?xml version="1.0" encoding="UTF-8"?>
<!-- Generated by org.testng.reporters.JUnitReportReporter -->
<testsuite skipped="0" hostname="HDC2-D-CLHSXJ2" name="Drivers.Dataprovider" tests="2" failures="0" timestamp="18 Oct 2019 12:22:38 GMT" time="28.113" errors="0">
  <testcase name="f" time="13.444" classname="Drivers.Dataprovider"/>
  <testcase name="f" time="14.669" classname="Drivers.Dataprovider"/>
</testsuite> <!-- Drivers.Dataprovider -->
