<?xml version="1.0" encoding="UTF-8"?>
<!-- Generated by org.testng.reporters.JUnitReportReporter -->
<testsuite skipped="0" hostname="HDC2-D-CLHSXJ2" name="DemoWebShop.demoapp" tests="1" failures="0" timestamp="18 Oct 2019 07:00:24 GMT" time="15.174" errors="0">
  <testcase name="f" time="15.174" classname="DemoWebShop.demoapp"/>
</testsuite> <!-- DemoWebShop.demoapp -->
